2025-04-29 10:38:33.851 [restartedMain] ERROR c.p.s.ap.AffinityPropagationService - TEST ERROR LOG - Iniciando la clusterización
2025-04-29 10:38:33.852 [restartedMain] WARN  c.p.s.ap.AffinityPropagationService - TEST WARN LOG - Parámetros: alpha=0.8, beta=0.2, damping=0.9, maxIter=100
2025-04-29 10:38:33.852 [restartedMain] INFO  c.p.s.ap.AffinityPropagationService - TEST INFO LOG - Iniciando la clusterización con alpha=0.8, beta=0.2, damping=0.9, maxIter=100
2025-04-29 10:38:33.852 [restartedMain] DEBUG c.p.s.ap.AffinityPropagationService - TEST DEBUG LOG - Verificando niveles de log
2025-04-29 10:38:33.853 [restartedMain] INFO  c.p.s.ap.AffinityPropagationService - Cargando los almacenes y pedidos desde las bases de datos...
2025-04-29 10:38:33.864 [restartedMain] INFO  c.p.s.ap.AffinityPropagationService - Total de nodos (almacenes + pedidos): 16
2025-04-29 10:38:33.864 [restartedMain] INFO  c.p.s.ap.AffinityPropagationService - Calculando las distancias espaciales y temporales entre los nodos...
2025-04-29 10:38:33.866 [restartedMain] INFO  c.p.s.ap.AffinityPropagationService - Preference (mediana) = -17375.2
2025-04-29 10:38:33.866 [restartedMain] INFO  c.p.s.ap.AffinityPropagationService - Comenzando las iteraciones del algoritmo...
2025-04-29 10:38:33.866 [restartedMain] INFO  c.p.s.ap.AffinityPropagationService - Iteración 1...
2025-04-29 10:38:33.867 [restartedMain] INFO  c.p.s.ap.AffinityPropagationService - Iteración 2...
2025-04-29 10:38:33.868 [restartedMain] INFO  c.p.s.ap.AffinityPropagationService - Convergencia alcanzada en la iteración 2
2025-04-29 10:38:33.869 [restartedMain] INFO  c.p.s.ap.AffinityPropagationService - Asignando los pedidos a sus clusters...
2025-04-29 10:38:33.869 [restartedMain] INFO  c.p.s.ap.AffinityPropagationService - Construyendo el DTO de salida...
2025-04-29 10:38:33.872 [restartedMain] ERROR c.p.s.ap.AffinityPropagationService - Clusterización completada. Se han generado 4 grupos.
2025-04-29 11:00:45.811 [restartedMain] ERROR c.p.s.ap.AffinityPropagationService - TEST ERROR LOG - Iniciando la clusterización
2025-04-29 11:00:45.811 [restartedMain] WARN  c.p.s.ap.AffinityPropagationService - TEST WARN LOG - Parámetros: alpha=0.8, beta=0.2, damping=0.9, maxIter=100
2025-04-29 11:00:45.811 [restartedMain] INFO  c.p.s.ap.AffinityPropagationService - TEST INFO LOG - Iniciando la clusterización con alpha=0.8, beta=0.2, damping=0.9, maxIter=100
2025-04-29 11:00:45.811 [restartedMain] DEBUG c.p.s.ap.AffinityPropagationService - TEST DEBUG LOG - Verificando niveles de log
2025-04-29 11:00:45.811 [restartedMain] INFO  c.p.s.ap.AffinityPropagationService - Cargando los almacenes y pedidos desde las bases de datos...
2025-04-29 11:00:45.818 [restartedMain] INFO  c.p.s.ap.AffinityPropagationService - Total de nodos (almacenes + pedidos): 16
2025-04-29 11:00:45.818 [restartedMain] INFO  c.p.s.ap.AffinityPropagationService - Calculando las distancias espaciales y temporales entre los nodos...
2025-04-29 11:00:45.819 [restartedMain] INFO  c.p.s.ap.AffinityPropagationService - Preference (mediana) = -17375.2
2025-04-29 11:00:45.819 [restartedMain] INFO  c.p.s.ap.AffinityPropagationService - Comenzando las iteraciones del algoritmo...
2025-04-29 11:00:45.819 [restartedMain] INFO  c.p.s.ap.AffinityPropagationService - Iteración 1...
2025-04-29 11:00:45.820 [restartedMain] INFO  c.p.s.ap.AffinityPropagationService - Iteración 2...
2025-04-29 11:00:45.820 [restartedMain] INFO  c.p.s.ap.AffinityPropagationService - Convergencia alcanzada en la iteración 2
2025-04-29 11:00:45.820 [restartedMain] INFO  c.p.s.ap.AffinityPropagationService - Asignando los pedidos a sus clusters...
2025-04-29 11:00:45.821 [restartedMain] INFO  c.p.s.ap.AffinityPropagationService - Construyendo el DTO de salida...
2025-04-29 11:00:45.825 [restartedMain] ERROR c.p.s.ap.AffinityPropagationService - Clusterización completada. Se han generado 4 grupos.
2025-04-29 11:02:58.419 [restartedMain] ERROR c.p.s.ap.AffinityPropagationService - TEST ERROR LOG - Iniciando la clusterización
2025-04-29 11:02:58.419 [restartedMain] WARN  c.p.s.ap.AffinityPropagationService - TEST WARN LOG - Parámetros: alpha=0.8, beta=0.2, damping=0.9, maxIter=100
2025-04-29 11:02:58.419 [restartedMain] INFO  c.p.s.ap.AffinityPropagationService - TEST INFO LOG - Iniciando la clusterización con alpha=0.8, beta=0.2, damping=0.9, maxIter=100
2025-04-29 11:02:58.419 [restartedMain] DEBUG c.p.s.ap.AffinityPropagationService - TEST DEBUG LOG - Verificando niveles de log
2025-04-29 11:02:58.419 [restartedMain] INFO  c.p.s.ap.AffinityPropagationService - Cargando los almacenes y pedidos desde las bases de datos...
2025-04-29 11:02:58.424 [restartedMain] INFO  c.p.s.ap.AffinityPropagationService - Total de nodos (almacenes + pedidos): 16
2025-04-29 11:02:58.425 [restartedMain] INFO  c.p.s.ap.AffinityPropagationService - Calculando las distancias espaciales y temporales entre los nodos...
2025-04-29 11:02:58.425 [restartedMain] INFO  c.p.s.ap.AffinityPropagationService - Preference (mediana) = -17375.2
2025-04-29 11:02:58.425 [restartedMain] INFO  c.p.s.ap.AffinityPropagationService - Comenzando las iteraciones del algoritmo...
2025-04-29 11:02:58.425 [restartedMain] INFO  c.p.s.ap.AffinityPropagationService - Iteración 1...
2025-04-29 11:02:58.426 [restartedMain] INFO  c.p.s.ap.AffinityPropagationService - Iteración 2...
2025-04-29 11:02:58.426 [restartedMain] INFO  c.p.s.ap.AffinityPropagationService - Convergencia alcanzada en la iteración 2
2025-04-29 11:02:58.426 [restartedMain] INFO  c.p.s.ap.AffinityPropagationService - Asignando los pedidos a sus clusters...
2025-04-29 11:02:58.427 [restartedMain] INFO  c.p.s.ap.AffinityPropagationService - Construyendo el DTO de salida...
2025-04-29 11:02:58.430 [restartedMain] ERROR c.p.s.ap.AffinityPropagationService - Clusterización completada. Se han generado 4 grupos.
2025-04-29 11:12:22.180 [restartedMain] ERROR c.p.s.ap.AffinityPropagationService - TEST ERROR LOG - Iniciando la clusterización
2025-04-29 11:12:22.180 [restartedMain] WARN  c.p.s.ap.AffinityPropagationService - TEST WARN LOG - Parámetros: alpha=0.8, beta=0.2, damping=0.9, maxIter=100
2025-04-29 11:12:22.180 [restartedMain] INFO  c.p.s.ap.AffinityPropagationService - TEST INFO LOG - Iniciando la clusterización con alpha=0.8, beta=0.2, damping=0.9, maxIter=100
2025-04-29 11:12:22.180 [restartedMain] DEBUG c.p.s.ap.AffinityPropagationService - TEST DEBUG LOG - Verificando niveles de log
2025-04-29 11:12:22.180 [restartedMain] INFO  c.p.s.ap.AffinityPropagationService - Cargando los almacenes y pedidos desde las bases de datos...
2025-04-29 11:12:22.184 [restartedMain] INFO  c.p.s.ap.AffinityPropagationService - Total de nodos (almacenes + pedidos): 16
2025-04-29 11:12:22.184 [restartedMain] INFO  c.p.s.ap.AffinityPropagationService - Calculando las distancias espaciales y temporales entre los nodos...
2025-04-29 11:12:22.185 [restartedMain] INFO  c.p.s.ap.AffinityPropagationService - Preference (mediana) = -17375.2
2025-04-29 11:12:22.185 [restartedMain] INFO  c.p.s.ap.AffinityPropagationService - Comenzando las iteraciones del algoritmo...
2025-04-29 11:12:22.185 [restartedMain] INFO  c.p.s.ap.AffinityPropagationService - Iteración 1...
2025-04-29 11:12:22.185 [restartedMain] INFO  c.p.s.ap.AffinityPropagationService - Iteración 2...
2025-04-29 11:12:22.186 [restartedMain] INFO  c.p.s.ap.AffinityPropagationService - Convergencia alcanzada en la iteración 2
2025-04-29 11:12:22.186 [restartedMain] INFO  c.p.s.ap.AffinityPropagationService - Asignando los pedidos a sus clusters...
2025-04-29 11:12:22.186 [restartedMain] INFO  c.p.s.ap.AffinityPropagationService - Construyendo el DTO de salida...
2025-04-29 11:12:22.190 [restartedMain] ERROR c.p.s.ap.AffinityPropagationService - Clusterización completada. Se han generado 4 grupos.
2025-04-29 11:12:55.643 [restartedMain] ERROR c.p.s.ap.AffinityPropagationService - TEST ERROR LOG - Iniciando la clusterización
2025-04-29 11:12:55.644 [restartedMain] WARN  c.p.s.ap.AffinityPropagationService - TEST WARN LOG - Parámetros: alpha=0.8, beta=0.2, damping=0.9, maxIter=100
2025-04-29 11:12:55.644 [restartedMain] INFO  c.p.s.ap.AffinityPropagationService - TEST INFO LOG - Iniciando la clusterización con alpha=0.8, beta=0.2, damping=0.9, maxIter=100
2025-04-29 11:12:55.644 [restartedMain] DEBUG c.p.s.ap.AffinityPropagationService - TEST DEBUG LOG - Verificando niveles de log
2025-04-29 11:12:55.645 [restartedMain] INFO  c.p.s.ap.AffinityPropagationService - Cargando los almacenes y pedidos desde las bases de datos...
2025-04-29 11:12:55.663 [restartedMain] INFO  c.p.s.ap.AffinityPropagationService - Total de nodos (almacenes + pedidos): 16
2025-04-29 11:12:55.663 [restartedMain] INFO  c.p.s.ap.AffinityPropagationService - Calculando las distancias espaciales y temporales entre los nodos...
2025-04-29 11:12:55.664 [restartedMain] INFO  c.p.s.ap.AffinityPropagationService - Preference (mediana) = -17375.2
2025-04-29 11:12:55.665 [restartedMain] INFO  c.p.s.ap.AffinityPropagationService - Comenzando las iteraciones del algoritmo...
2025-04-29 11:12:55.668 [restartedMain] INFO  c.p.s.ap.AffinityPropagationService - Iteración 1...
2025-04-29 11:12:55.669 [restartedMain] INFO  c.p.s.ap.AffinityPropagationService - Iteración 2...
2025-04-29 11:12:55.673 [restartedMain] INFO  c.p.s.ap.AffinityPropagationService - Convergencia alcanzada en la iteración 2
2025-04-29 11:12:55.674 [restartedMain] INFO  c.p.s.ap.AffinityPropagationService - Asignando los pedidos a sus clusters...
2025-04-29 11:12:55.675 [restartedMain] INFO  c.p.s.ap.AffinityPropagationService - Construyendo el DTO de salida...
2025-04-29 11:12:55.677 [restartedMain] ERROR c.p.s.ap.AffinityPropagationService - Clusterización completada. Se han generado 4 grupos.
2025-04-29 11:14:34.032 [http-nio-8085-exec-3] ERROR c.p.s.ap.AffinityPropagationService - TEST ERROR LOG - Iniciando la clusterización
2025-04-29 11:14:34.034 [http-nio-8085-exec-3] WARN  c.p.s.ap.AffinityPropagationService - TEST WARN LOG - Parámetros: alpha=1.0, beta=1.0, damping=0.9, maxIter=100
2025-04-29 11:14:34.034 [http-nio-8085-exec-3] INFO  c.p.s.ap.AffinityPropagationService - TEST INFO LOG - Iniciando la clusterización con alpha=1.0, beta=1.0, damping=0.9, maxIter=100
2025-04-29 11:14:34.034 [http-nio-8085-exec-3] DEBUG c.p.s.ap.AffinityPropagationService - TEST DEBUG LOG - Verificando niveles de log
2025-04-29 11:14:34.039 [http-nio-8085-exec-3] INFO  c.p.s.ap.AffinityPropagationService - Cargando los almacenes y pedidos desde las bases de datos...
2025-04-29 11:14:34.219 [http-nio-8085-exec-3] INFO  c.p.s.ap.AffinityPropagationService - Total de nodos (almacenes + pedidos): 16
2025-04-29 11:14:34.219 [http-nio-8085-exec-3] INFO  c.p.s.ap.AffinityPropagationService - Calculando las distancias espaciales y temporales entre los nodos...
2025-04-29 11:14:34.220 [http-nio-8085-exec-3] INFO  c.p.s.ap.AffinityPropagationService - Preference (mediana) = -76113.0
2025-04-29 11:14:34.220 [http-nio-8085-exec-3] INFO  c.p.s.ap.AffinityPropagationService - Comenzando las iteraciones del algoritmo...
2025-04-29 11:14:34.220 [http-nio-8085-exec-3] INFO  c.p.s.ap.AffinityPropagationService - Iteración 1...
2025-04-29 11:14:34.221 [http-nio-8085-exec-3] INFO  c.p.s.ap.AffinityPropagationService - Iteración 2...
2025-04-29 11:14:34.222 [http-nio-8085-exec-3] INFO  c.p.s.ap.AffinityPropagationService - Convergencia alcanzada en la iteración 2
2025-04-29 11:14:34.222 [http-nio-8085-exec-3] INFO  c.p.s.ap.AffinityPropagationService - Asignando los pedidos a sus clusters...
2025-04-29 11:14:34.222 [http-nio-8085-exec-3] INFO  c.p.s.ap.AffinityPropagationService - Construyendo el DTO de salida...
2025-04-29 11:14:34.222 [http-nio-8085-exec-3] ERROR c.p.s.ap.AffinityPropagationService - Clusterización completada. Se han generado 6 grupos.
