12:15:03.596 [restartedMain] INFO  c.p.service.AlgoritmoGeneticoService - Iniciando generación de rutas con algoritmo genético. Parámetros: {maxIter=100, poblacion=50, algoritmo=genetico, numeroRutas=3}
12:15:03.602 [restartedMain] INFO  c.p.service.AlgoritmoGeneticoService - Pedidos pendientes encontrados: 13
12:15:03.602 [restartedMain] INFO  c.p.service.AlgoritmoGeneticoService - Generando 3 rutas para 13 pedidos
12:15:03.610 [restartedMain] INFO  c.p.service.AlgoritmoGeneticoService - Camiones disponibles encontrados: 8
12:15:03.616 [restartedMain] INFO  c.p.service.AlgoritmoGeneticoService - Pedidos divididos en 3 grupos
12:15:03.616 [restartedMain] INFO  c.p.service.AlgoritmoGeneticoService - Creando ruta 1 con 5 pedidos para camión C001
12:15:03.644 [restartedMain] INFO  c.p.service.AlgoritmoGeneticoService - Pedido P0001 actualizado a estado EN_RUTA y asignado a camión C001
12:15:03.656 [restartedMain] INFO  c.p.service.AlgoritmoGeneticoService - Pedido P0004 actualizado a estado EN_RUTA y asignado a camión C001
12:15:03.665 [restartedMain] INFO  c.p.service.AlgoritmoGeneticoService - Pedido P0007 actualizado a estado EN_RUTA y asignado a camión C001
12:15:03.677 [restartedMain] INFO  c.p.service.AlgoritmoGeneticoService - Pedido P0010 actualizado a estado EN_RUTA y asignado a camión C001
12:15:03.689 [restartedMain] INFO  c.p.service.AlgoritmoGeneticoService - Pedido P0013 actualizado a estado EN_RUTA y asignado a camión C001
12:15:04.097 [restartedMain] INFO  c.p.service.AlgoritmoGeneticoService - Ruta 1 creada exitosamente con id: 1, 5 pedidos asignados
12:15:04.097 [restartedMain] INFO  c.p.service.AlgoritmoGeneticoService - Creando ruta 2 con 4 pedidos para camión C002
12:15:04.108 [restartedMain] INFO  c.p.service.AlgoritmoGeneticoService - Pedido P0002 actualizado a estado EN_RUTA y asignado a camión C002
12:15:04.117 [restartedMain] INFO  c.p.service.AlgoritmoGeneticoService - Pedido P0005 actualizado a estado EN_RUTA y asignado a camión C002
12:15:04.125 [restartedMain] INFO  c.p.service.AlgoritmoGeneticoService - Pedido P0008 actualizado a estado EN_RUTA y asignado a camión C002
12:15:04.134 [restartedMain] INFO  c.p.service.AlgoritmoGeneticoService - Pedido P0011 actualizado a estado EN_RUTA y asignado a camión C002
12:15:04.336 [restartedMain] INFO  c.p.service.AlgoritmoGeneticoService - Ruta 2 creada exitosamente con id: 2, 4 pedidos asignados
12:15:04.337 [restartedMain] INFO  c.p.service.AlgoritmoGeneticoService - Creando ruta 3 con 4 pedidos para camión C003
12:15:04.350 [restartedMain] INFO  c.p.service.AlgoritmoGeneticoService - Pedido P0003 actualizado a estado EN_RUTA y asignado a camión C003
12:15:04.360 [restartedMain] INFO  c.p.service.AlgoritmoGeneticoService - Pedido P0006 actualizado a estado EN_RUTA y asignado a camión C003
12:15:04.371 [restartedMain] INFO  c.p.service.AlgoritmoGeneticoService - Pedido P0009 actualizado a estado EN_RUTA y asignado a camión C003
12:15:04.386 [restartedMain] INFO  c.p.service.AlgoritmoGeneticoService - Pedido P0012 actualizado a estado EN_RUTA y asignado a camión C003
12:15:04.629 [restartedMain] INFO  c.p.service.AlgoritmoGeneticoService - Ruta 3 creada exitosamente con id: 3, 4 pedidos asignados
12:15:04.630 [restartedMain] INFO  c.p.service.AlgoritmoGeneticoService - Generación de rutas completada. Rutas creadas: 3, Pedidos asignados: 13/13
