11:33:37.576 [pool-3-thread-1] DEBUG c.p.s.SimulacionTiempoRealService - Iniciando obtenerPosicionesSimplificadas: 2025-04-29T11:33:37.576838100
11:33:37.612 [pool-3-thread-1] DEBUG c.p.s.SimulacionTiempoRealService - Camiones procesados: 0 en ruta, 8 disponibles, 0 sin combustible, 0 otros, 8 total en 35ms
11:33:37.619 [pool-3-thread-1] DEBUG c.p.s.SimulacionTiempoRealService - Almacenes procesados: 3 en 6ms
11:33:37.627 [pool-3-thread-1] DEBUG c.p.s.SimulacionTiempoRealService - Pedidos procesados: 0 en 7ms
11:33:37.641 [pool-3-thread-1] DEBUG c.p.s.SimulacionTiempoRealService - Rutas procesadas: 0 en 13ms
11:33:37.643 [pool-3-thread-1] DEBUG c.p.s.SimulacionTiempoRealService - Finalizado obtenerPosicionesSimplificadas en 67ms
11:33:38.316 [pool-4-thread-1] DEBUG c.p.s.SimulacionTiempoRealService - Iniciando obtenerPosicionesSimplificadas: 2025-04-29T11:33:38.316995
11:33:38.371 [pool-4-thread-1] DEBUG c.p.s.SimulacionTiempoRealService - Camiones procesados: 0 en ruta, 8 disponibles, 0 sin combustible, 0 otros, 8 total en 46ms
11:33:38.378 [pool-4-thread-1] DEBUG c.p.s.SimulacionTiempoRealService - Almacenes procesados: 3 en 6ms
11:33:38.386 [pool-4-thread-1] DEBUG c.p.s.SimulacionTiempoRealService - Pedidos procesados: 0 en 8ms
11:33:38.392 [pool-4-thread-1] DEBUG c.p.s.SimulacionTiempoRealService - Rutas procesadas: 0 en 6ms
11:33:38.392 [pool-4-thread-1] DEBUG c.p.s.SimulacionTiempoRealService - Finalizado obtenerPosicionesSimplificadas en 76ms
11:33:39.279 [pool-5-thread-1] DEBUG c.p.s.SimulacionTiempoRealService - Iniciando obtenerPosicionesSimplificadas: 2025-04-29T11:33:39.279123100
11:33:39.314 [pool-5-thread-1] DEBUG c.p.s.SimulacionTiempoRealService - Camiones procesados: 0 en ruta, 8 disponibles, 0 sin combustible, 0 otros, 8 total en 35ms
11:33:39.320 [pool-5-thread-1] DEBUG c.p.s.SimulacionTiempoRealService - Almacenes procesados: 3 en 5ms
11:33:39.325 [pool-5-thread-1] DEBUG c.p.s.SimulacionTiempoRealService - Pedidos procesados: 0 en 4ms
11:33:39.330 [pool-5-thread-1] DEBUG c.p.s.SimulacionTiempoRealService - Rutas procesadas: 0 en 4ms
11:33:39.330 [pool-5-thread-1] DEBUG c.p.s.SimulacionTiempoRealService - Finalizado obtenerPosicionesSimplificadas en 51ms
11:33:39.580 [restartedMain] INFO  c.p.s.SimulacionTiempoRealService - Iniciando simulaci贸n de tiempo real a las 2025-04-29T11:33:39.580768100
11:33:39.610 [restartedMain] INFO  c.p.s.SimulacionTiempoRealService - Simulaci贸n iniciada con factor de velocidad: 1
11:33:39.614 [pool-6-thread-1] INFO  c.p.s.SimulacionTiempoRealService - No hay camiones en ruta para simular
11:33:40.289 [pool-7-thread-1] DEBUG c.p.s.SimulacionTiempoRealService - Iniciando obtenerPosicionesSimplificadas: 2025-04-29T11:33:40.289259200
11:33:40.323 [pool-7-thread-1] DEBUG c.p.s.SimulacionTiempoRealService - Camiones procesados: 0 en ruta, 8 disponibles, 0 sin combustible, 0 otros, 8 total en 34ms
11:33:40.328 [pool-7-thread-1] DEBUG c.p.s.SimulacionTiempoRealService - Almacenes procesados: 3 en 5ms
11:33:40.334 [pool-7-thread-1] DEBUG c.p.s.SimulacionTiempoRealService - Pedidos procesados: 0 en 6ms
11:33:40.339 [pool-7-thread-1] DEBUG c.p.s.SimulacionTiempoRealService - Rutas procesadas: 0 en 5ms
11:33:40.339 [pool-7-thread-1] DEBUG c.p.s.SimulacionTiempoRealService - Finalizado obtenerPosicionesSimplificadas en 50ms
11:33:40.625 [pool-6-thread-1] INFO  c.p.s.SimulacionTiempoRealService - No hay camiones en ruta para simular
11:33:41.307 [pool-8-thread-1] DEBUG c.p.s.SimulacionTiempoRealService - Iniciando obtenerPosicionesSimplificadas: 2025-04-29T11:33:41.307433600
11:33:41.345 [pool-8-thread-1] DEBUG c.p.s.SimulacionTiempoRealService - Camiones procesados: 0 en ruta, 8 disponibles, 0 sin combustible, 0 otros, 8 total en 37ms
11:33:41.353 [pool-8-thread-1] DEBUG c.p.s.SimulacionTiempoRealService - Almacenes procesados: 3 en 7ms
11:33:41.360 [pool-8-thread-1] DEBUG c.p.s.SimulacionTiempoRealService - Pedidos procesados: 0 en 6ms
11:33:41.369 [pool-8-thread-1] DEBUG c.p.s.SimulacionTiempoRealService - Rutas procesadas: 0 en 7ms
11:33:41.370 [pool-8-thread-1] DEBUG c.p.s.SimulacionTiempoRealService - Finalizado obtenerPosicionesSimplificadas en 63ms
11:33:41.624 [pool-6-thread-1] INFO  c.p.s.SimulacionTiempoRealService - No hay camiones en ruta para simular
11:33:42.273 [pool-9-thread-1] DEBUG c.p.s.SimulacionTiempoRealService - Iniciando obtenerPosicionesSimplificadas: 2025-04-29T11:33:42.273649700
11:33:42.304 [pool-9-thread-1] DEBUG c.p.s.SimulacionTiempoRealService - Camiones procesados: 0 en ruta, 8 disponibles, 0 sin combustible, 0 otros, 8 total en 31ms
11:33:42.311 [pool-9-thread-1] DEBUG c.p.s.SimulacionTiempoRealService - Almacenes procesados: 3 en 6ms
11:33:42.316 [pool-9-thread-1] DEBUG c.p.s.SimulacionTiempoRealService - Pedidos procesados: 0 en 5ms
11:33:42.321 [pool-9-thread-1] DEBUG c.p.s.SimulacionTiempoRealService - Rutas procesadas: 0 en 4ms
11:33:42.321 [pool-9-thread-1] DEBUG c.p.s.SimulacionTiempoRealService - Finalizado obtenerPosicionesSimplificadas en 48ms
11:33:42.623 [pool-6-thread-1] INFO  c.p.s.SimulacionTiempoRealService - No hay camiones en ruta para simular
11:33:43.274 [pool-10-thread-1] DEBUG c.p.s.SimulacionTiempoRealService - Iniciando obtenerPosicionesSimplificadas: 2025-04-29T11:33:43.274224200
11:33:43.318 [pool-10-thread-1] DEBUG c.p.s.SimulacionTiempoRealService - Camiones procesados: 0 en ruta, 8 disponibles, 0 sin combustible, 0 otros, 8 total en 44ms
11:33:43.323 [pool-10-thread-1] DEBUG c.p.s.SimulacionTiempoRealService - Almacenes procesados: 3 en 5ms
11:33:43.329 [pool-10-thread-1] DEBUG c.p.s.SimulacionTiempoRealService - Pedidos procesados: 0 en 5ms
11:33:43.335 [pool-10-thread-1] DEBUG c.p.s.SimulacionTiempoRealService - Rutas procesadas: 0 en 5ms
11:33:43.336 [pool-10-thread-1] DEBUG c.p.s.SimulacionTiempoRealService - Finalizado obtenerPosicionesSimplificadas en 62ms
11:33:43.619 [pool-6-thread-1] INFO  c.p.s.SimulacionTiempoRealService - No hay camiones en ruta para simular
11:33:44.279 [pool-11-thread-1] DEBUG c.p.s.SimulacionTiempoRealService - Iniciando obtenerPosicionesSimplificadas: 2025-04-29T11:33:44.279348800
11:33:44.310 [pool-11-thread-1] DEBUG c.p.s.SimulacionTiempoRealService - Camiones procesados: 0 en ruta, 8 disponibles, 0 sin combustible, 0 otros, 8 total en 31ms
11:33:44.316 [pool-11-thread-1] DEBUG c.p.s.SimulacionTiempoRealService - Almacenes procesados: 3 en 5ms
11:33:44.321 [pool-11-thread-1] DEBUG c.p.s.SimulacionTiempoRealService - Pedidos procesados: 0 en 5ms
11:33:44.325 [pool-11-thread-1] DEBUG c.p.s.SimulacionTiempoRealService - Rutas procesadas: 0 en 4ms
11:33:44.326 [pool-11-thread-1] DEBUG c.p.s.SimulacionTiempoRealService - Finalizado obtenerPosicionesSimplificadas en 47ms
11:33:44.615 [pool-6-thread-1] INFO  c.p.s.SimulacionTiempoRealService - No hay camiones en ruta para simular
11:33:44.620 [restartedMain] INFO  c.p.s.SimulacionTiempoRealService - Iniciando simulaci贸n de tiempo real a las 2025-04-29T11:33:44.620732400
11:33:44.653 [restartedMain] INFO  c.p.s.SimulacionTiempoRealService - Simulaci贸n iniciada con factor de velocidad: 5
11:33:44.657 [pool-12-thread-1] INFO  c.p.s.SimulacionTiempoRealService - No hay camiones en ruta para simular
11:33:44.860 [pool-12-thread-1] INFO  c.p.s.SimulacionTiempoRealService - No hay camiones en ruta para simular
11:33:45.074 [pool-12-thread-1] INFO  c.p.s.SimulacionTiempoRealService - No hay camiones en ruta para simular
11:33:45.258 [pool-12-thread-1] INFO  c.p.s.SimulacionTiempoRealService - No hay camiones en ruta para simular
11:33:45.276 [pool-13-thread-1] DEBUG c.p.s.SimulacionTiempoRealService - Iniciando obtenerPosicionesSimplificadas: 2025-04-29T11:33:45.276040900
11:33:45.308 [pool-13-thread-1] DEBUG c.p.s.SimulacionTiempoRealService - Camiones procesados: 0 en ruta, 8 disponibles, 0 sin combustible, 0 otros, 8 total en 31ms
11:33:45.311 [pool-13-thread-1] DEBUG c.p.s.SimulacionTiempoRealService - Almacenes procesados: 3 en 3ms
11:33:45.316 [pool-13-thread-1] DEBUG c.p.s.SimulacionTiempoRealService - Pedidos procesados: 0 en 4ms
11:33:45.321 [pool-13-thread-1] DEBUG c.p.s.SimulacionTiempoRealService - Rutas procesadas: 0 en 5ms
11:33:45.321 [pool-13-thread-1] DEBUG c.p.s.SimulacionTiempoRealService - Finalizado obtenerPosicionesSimplificadas en 45ms
11:33:45.473 [pool-12-thread-1] INFO  c.p.s.SimulacionTiempoRealService - No hay camiones en ruta para simular
11:33:45.664 [pool-12-thread-1] INFO  c.p.s.SimulacionTiempoRealService - No hay camiones en ruta para simular
11:33:45.862 [pool-12-thread-1] INFO  c.p.s.SimulacionTiempoRealService - No hay camiones en ruta para simular
11:33:46.059 [pool-12-thread-1] INFO  c.p.s.SimulacionTiempoRealService - No hay camiones en ruta para simular
11:33:46.259 [pool-12-thread-1] INFO  c.p.s.SimulacionTiempoRealService - No hay camiones en ruta para simular
11:33:46.279 [pool-14-thread-1] DEBUG c.p.s.SimulacionTiempoRealService - Iniciando obtenerPosicionesSimplificadas: 2025-04-29T11:33:46.279620500
11:33:46.312 [pool-14-thread-1] DEBUG c.p.s.SimulacionTiempoRealService - Camiones procesados: 0 en ruta, 8 disponibles, 0 sin combustible, 0 otros, 8 total en 33ms
11:33:46.316 [pool-14-thread-1] DEBUG c.p.s.SimulacionTiempoRealService - Almacenes procesados: 3 en 4ms
11:33:46.322 [pool-14-thread-1] DEBUG c.p.s.SimulacionTiempoRealService - Pedidos procesados: 0 en 5ms
11:33:46.327 [pool-14-thread-1] DEBUG c.p.s.SimulacionTiempoRealService - Rutas procesadas: 0 en 5ms
11:33:46.327 [pool-14-thread-1] DEBUG c.p.s.SimulacionTiempoRealService - Finalizado obtenerPosicionesSimplificadas en 48ms
11:33:46.469 [pool-12-thread-1] INFO  c.p.s.SimulacionTiempoRealService - No hay camiones en ruta para simular
11:33:46.672 [pool-12-thread-1] INFO  c.p.s.SimulacionTiempoRealService - No hay camiones en ruta para simular
11:33:46.894 [pool-12-thread-1] INFO  c.p.s.SimulacionTiempoRealService - No hay camiones en ruta para simular
11:33:47.071 [pool-12-thread-1] INFO  c.p.s.SimulacionTiempoRealService - No hay camiones en ruta para simular
11:33:47.291 [pool-12-thread-1] INFO  c.p.s.SimulacionTiempoRealService - No hay camiones en ruta para simular
11:33:47.303 [pool-15-thread-1] DEBUG c.p.s.SimulacionTiempoRealService - Iniciando obtenerPosicionesSimplificadas: 2025-04-29T11:33:47.303491700
11:33:47.324 [pool-15-thread-1] DEBUG c.p.s.SimulacionTiempoRealService - Camiones procesados: 0 en ruta, 8 disponibles, 0 sin combustible, 0 otros, 8 total en 21ms
11:33:47.329 [pool-15-thread-1] DEBUG c.p.s.SimulacionTiempoRealService - Almacenes procesados: 3 en 4ms
11:33:47.333 [pool-15-thread-1] DEBUG c.p.s.SimulacionTiempoRealService - Pedidos procesados: 0 en 4ms
11:33:47.338 [pool-15-thread-1] DEBUG c.p.s.SimulacionTiempoRealService - Rutas procesadas: 0 en 4ms
11:33:47.338 [pool-15-thread-1] DEBUG c.p.s.SimulacionTiempoRealService - Finalizado obtenerPosicionesSimplificadas en 35ms
11:33:47.459 [pool-12-thread-1] INFO  c.p.s.SimulacionTiempoRealService - No hay camiones en ruta para simular
11:33:47.661 [pool-12-thread-1] INFO  c.p.s.SimulacionTiempoRealService - No hay camiones en ruta para simular
11:33:47.863 [pool-12-thread-1] INFO  c.p.s.SimulacionTiempoRealService - No hay camiones en ruta para simular
11:33:48.060 [pool-12-thread-1] INFO  c.p.s.SimulacionTiempoRealService - No hay camiones en ruta para simular
11:33:48.261 [pool-12-thread-1] INFO  c.p.s.SimulacionTiempoRealService - No hay camiones en ruta para simular
11:33:48.285 [pool-16-thread-1] DEBUG c.p.s.SimulacionTiempoRealService - Iniciando obtenerPosicionesSimplificadas: 2025-04-29T11:33:48.285950600
11:33:48.318 [pool-16-thread-1] DEBUG c.p.s.SimulacionTiempoRealService - Camiones procesados: 0 en ruta, 8 disponibles, 0 sin combustible, 0 otros, 8 total en 32ms
11:33:48.322 [pool-16-thread-1] DEBUG c.p.s.SimulacionTiempoRealService - Almacenes procesados: 3 en 3ms
11:33:48.327 [pool-16-thread-1] DEBUG c.p.s.SimulacionTiempoRealService - Pedidos procesados: 0 en 4ms
11:33:48.330 [pool-16-thread-1] DEBUG c.p.s.SimulacionTiempoRealService - Rutas procesadas: 0 en 3ms
11:33:48.331 [pool-16-thread-1] DEBUG c.p.s.SimulacionTiempoRealService - Finalizado obtenerPosicionesSimplificadas en 46ms
11:33:48.459 [pool-12-thread-1] INFO  c.p.s.SimulacionTiempoRealService - No hay camiones en ruta para simular
11:33:48.670 [pool-12-thread-1] INFO  c.p.s.SimulacionTiempoRealService - No hay camiones en ruta para simular
11:33:48.861 [pool-12-thread-1] INFO  c.p.s.SimulacionTiempoRealService - No hay camiones en ruta para simular
11:33:49.062 [pool-12-thread-1] INFO  c.p.s.SimulacionTiempoRealService - No hay camiones en ruta para simular
11:33:49.259 [pool-12-thread-1] INFO  c.p.s.SimulacionTiempoRealService - No hay camiones en ruta para simular
11:33:49.279 [pool-17-thread-1] DEBUG c.p.s.SimulacionTiempoRealService - Iniciando obtenerPosicionesSimplificadas: 2025-04-29T11:33:49.279897
11:33:49.309 [pool-17-thread-1] DEBUG c.p.s.SimulacionTiempoRealService - Camiones procesados: 0 en ruta, 8 disponibles, 0 sin combustible, 0 otros, 8 total en 29ms
11:33:49.314 [pool-17-thread-1] DEBUG c.p.s.SimulacionTiempoRealService - Almacenes procesados: 3 en 4ms
11:33:49.320 [pool-17-thread-1] DEBUG c.p.s.SimulacionTiempoRealService - Pedidos procesados: 0 en 6ms
11:33:49.325 [pool-17-thread-1] DEBUG c.p.s.SimulacionTiempoRealService - Rutas procesadas: 0 en 5ms
11:33:49.325 [pool-17-thread-1] DEBUG c.p.s.SimulacionTiempoRealService - Finalizado obtenerPosicionesSimplificadas en 46ms
11:33:49.459 [pool-12-thread-1] INFO  c.p.s.SimulacionTiempoRealService - No hay camiones en ruta para simular
11:33:49.671 [pool-12-thread-1] INFO  c.p.s.SimulacionTiempoRealService - No hay camiones en ruta para simular
11:33:49.864 [pool-12-thread-1] INFO  c.p.s.SimulacionTiempoRealService - No hay camiones en ruta para simular
11:33:50.068 [pool-12-thread-1] INFO  c.p.s.SimulacionTiempoRealService - No hay camiones en ruta para simular
11:33:50.263 [pool-12-thread-1] INFO  c.p.s.SimulacionTiempoRealService - No hay camiones en ruta para simular
11:33:50.282 [pool-18-thread-1] DEBUG c.p.s.SimulacionTiempoRealService - Iniciando obtenerPosicionesSimplificadas: 2025-04-29T11:33:50.282936100
11:33:50.311 [pool-18-thread-1] DEBUG c.p.s.SimulacionTiempoRealService - Camiones procesados: 0 en ruta, 8 disponibles, 0 sin combustible, 0 otros, 8 total en 28ms
11:33:50.315 [pool-18-thread-1] DEBUG c.p.s.SimulacionTiempoRealService - Almacenes procesados: 3 en 4ms
11:33:50.320 [pool-18-thread-1] DEBUG c.p.s.SimulacionTiempoRealService - Pedidos procesados: 0 en 5ms
11:33:50.324 [pool-18-thread-1] DEBUG c.p.s.SimulacionTiempoRealService - Rutas procesadas: 0 en 4ms
11:33:50.324 [pool-18-thread-1] DEBUG c.p.s.SimulacionTiempoRealService - Finalizado obtenerPosicionesSimplificadas en 42ms
11:33:50.462 [pool-12-thread-1] INFO  c.p.s.SimulacionTiempoRealService - No hay camiones en ruta para simular
11:33:50.668 [pool-12-thread-1] INFO  c.p.s.SimulacionTiempoRealService - No hay camiones en ruta para simular
11:33:50.864 [pool-12-thread-1] INFO  c.p.s.SimulacionTiempoRealService - No hay camiones en ruta para simular
11:33:51.065 [pool-12-thread-1] INFO  c.p.s.SimulacionTiempoRealService - No hay camiones en ruta para simular
11:33:51.273 [pool-12-thread-1] INFO  c.p.s.SimulacionTiempoRealService - No hay camiones en ruta para simular
11:33:51.277 [pool-19-thread-1] DEBUG c.p.s.SimulacionTiempoRealService - Iniciando obtenerPosicionesSimplificadas: 2025-04-29T11:33:51.276542100
11:33:51.296 [pool-19-thread-1] DEBUG c.p.s.SimulacionTiempoRealService - Camiones procesados: 0 en ruta, 8 disponibles, 0 sin combustible, 0 otros, 8 total en 19ms
11:33:51.300 [pool-19-thread-1] DEBUG c.p.s.SimulacionTiempoRealService - Almacenes procesados: 3 en 4ms
11:33:51.304 [pool-19-thread-1] DEBUG c.p.s.SimulacionTiempoRealService - Pedidos procesados: 0 en 3ms
11:33:51.308 [pool-19-thread-1] DEBUG c.p.s.SimulacionTiempoRealService - Rutas procesadas: 0 en 3ms
11:33:51.309 [pool-19-thread-1] DEBUG c.p.s.SimulacionTiempoRealService - Finalizado obtenerPosicionesSimplificadas en 33ms
11:33:51.467 [pool-12-thread-1] INFO  c.p.s.SimulacionTiempoRealService - No hay camiones en ruta para simular
11:33:51.665 [pool-12-thread-1] INFO  c.p.s.SimulacionTiempoRealService - No hay camiones en ruta para simular
11:33:51.863 [pool-12-thread-1] INFO  c.p.s.SimulacionTiempoRealService - No hay camiones en ruta para simular
11:33:52.063 [pool-12-thread-1] INFO  c.p.s.SimulacionTiempoRealService - No hay camiones en ruta para simular
11:33:52.260 [pool-12-thread-1] INFO  c.p.s.SimulacionTiempoRealService - No hay camiones en ruta para simular
11:33:52.277 [pool-20-thread-1] DEBUG c.p.s.SimulacionTiempoRealService - Iniciando obtenerPosicionesSimplificadas: 2025-04-29T11:33:52.277117800
11:33:52.302 [pool-20-thread-1] DEBUG c.p.s.SimulacionTiempoRealService - Camiones procesados: 0 en ruta, 8 disponibles, 0 sin combustible, 0 otros, 8 total en 25ms
11:33:52.306 [pool-20-thread-1] DEBUG c.p.s.SimulacionTiempoRealService - Almacenes procesados: 3 en 4ms
11:33:52.311 [pool-20-thread-1] DEBUG c.p.s.SimulacionTiempoRealService - Pedidos procesados: 0 en 5ms
11:33:52.316 [pool-20-thread-1] DEBUG c.p.s.SimulacionTiempoRealService - Rutas procesadas: 0 en 4ms
11:33:52.316 [pool-20-thread-1] DEBUG c.p.s.SimulacionTiempoRealService - Finalizado obtenerPosicionesSimplificadas en 39ms
11:33:52.459 [pool-12-thread-1] INFO  c.p.s.SimulacionTiempoRealService - No hay camiones en ruta para simular
11:33:52.670 [pool-12-thread-1] INFO  c.p.s.SimulacionTiempoRealService - No hay camiones en ruta para simular
11:33:52.870 [pool-12-thread-1] INFO  c.p.s.SimulacionTiempoRealService - No hay camiones en ruta para simular
11:33:53.071 [pool-12-thread-1] INFO  c.p.s.SimulacionTiempoRealService - No hay camiones en ruta para simular
11:33:53.297 [pool-12-thread-1] INFO  c.p.s.SimulacionTiempoRealService - No hay camiones en ruta para simular
11:33:53.414 [pool-21-thread-1] DEBUG c.p.s.SimulacionTiempoRealService - Iniciando obtenerPosicionesSimplificadas: 2025-04-29T11:33:53.414638900
11:33:53.440 [pool-21-thread-1] DEBUG c.p.s.SimulacionTiempoRealService - Camiones procesados: 0 en ruta, 8 disponibles, 0 sin combustible, 0 otros, 8 total en 26ms
11:33:53.445 [pool-21-thread-1] DEBUG c.p.s.SimulacionTiempoRealService - Almacenes procesados: 3 en 5ms
11:33:53.449 [pool-21-thread-1] DEBUG c.p.s.SimulacionTiempoRealService - Pedidos procesados: 0 en 4ms
11:33:53.454 [pool-21-thread-1] DEBUG c.p.s.SimulacionTiempoRealService - Rutas procesadas: 0 en 5ms
11:33:53.454 [pool-21-thread-1] DEBUG c.p.s.SimulacionTiempoRealService - Finalizado obtenerPosicionesSimplificadas en 40ms
11:33:53.474 [pool-12-thread-1] INFO  c.p.s.SimulacionTiempoRealService - No hay camiones en ruta para simular
11:33:53.668 [pool-12-thread-1] INFO  c.p.s.SimulacionTiempoRealService - No hay camiones en ruta para simular
11:33:53.866 [pool-12-thread-1] INFO  c.p.s.SimulacionTiempoRealService - No hay camiones en ruta para simular
11:33:54.060 [pool-12-thread-1] INFO  c.p.s.SimulacionTiempoRealService - No hay camiones en ruta para simular
11:33:54.261 [pool-12-thread-1] INFO  c.p.s.SimulacionTiempoRealService - No hay camiones en ruta para simular
11:33:54.284 [pool-22-thread-1] DEBUG c.p.s.SimulacionTiempoRealService - Iniciando obtenerPosicionesSimplificadas: 2025-04-29T11:33:54.284849200
11:33:54.307 [pool-22-thread-1] DEBUG c.p.s.SimulacionTiempoRealService - Camiones procesados: 0 en ruta, 8 disponibles, 0 sin combustible, 0 otros, 8 total en 23ms
11:33:54.312 [pool-22-thread-1] DEBUG c.p.s.SimulacionTiempoRealService - Almacenes procesados: 3 en 4ms
11:33:54.315 [pool-22-thread-1] DEBUG c.p.s.SimulacionTiempoRealService - Pedidos procesados: 0 en 3ms
11:33:54.320 [pool-22-thread-1] DEBUG c.p.s.SimulacionTiempoRealService - Rutas procesadas: 0 en 4ms
11:33:54.320 [pool-22-thread-1] DEBUG c.p.s.SimulacionTiempoRealService - Finalizado obtenerPosicionesSimplificadas en 36ms
11:33:54.458 [pool-12-thread-1] INFO  c.p.s.SimulacionTiempoRealService - No hay camiones en ruta para simular
11:33:54.670 [pool-12-thread-1] INFO  c.p.s.SimulacionTiempoRealService - No hay camiones en ruta para simular
11:33:55.314 [pool-23-thread-1] DEBUG c.p.s.SimulacionTiempoRealService - Iniciando obtenerPosicionesSimplificadas: 2025-04-29T11:33:55.314637300
11:33:55.339 [pool-23-thread-1] DEBUG c.p.s.SimulacionTiempoRealService - Camiones procesados: 3 en ruta, 5 disponibles, 0 sin combustible, 0 otros, 8 total en 23ms
11:33:55.341 [pool-23-thread-1] DEBUG c.p.s.SimulacionTiempoRealService - Almacenes procesados: 3 en 2ms
11:33:55.366 [pool-23-thread-1] DEBUG c.p.s.SimulacionTiempoRealService - Pedidos procesados: 13 en 24ms
11:33:55.528 [pool-23-thread-1] DEBUG c.p.s.SimulacionTiempoRealService - Rutas procesadas: 3 en 162ms
11:33:55.528 [pool-23-thread-1] DEBUG c.p.s.SimulacionTiempoRealService - Finalizado obtenerPosicionesSimplificadas en 214ms
11:33:56.323 [pool-24-thread-1] DEBUG c.p.s.SimulacionTiempoRealService - Iniciando obtenerPosicionesSimplificadas: 2025-04-29T11:33:56.323978900
11:33:56.346 [pool-24-thread-1] DEBUG c.p.s.SimulacionTiempoRealService - Camiones procesados: 3 en ruta, 5 disponibles, 0 sin combustible, 0 otros, 8 total en 23ms
11:33:56.352 [pool-24-thread-1] DEBUG c.p.s.SimulacionTiempoRealService - Almacenes procesados: 3 en 5ms
11:33:56.386 [pool-24-thread-1] DEBUG c.p.s.SimulacionTiempoRealService - Pedidos procesados: 13 en 33ms
11:33:56.476 [pool-24-thread-1] DEBUG c.p.s.SimulacionTiempoRealService - Rutas procesadas: 3 en 90ms
11:33:56.477 [pool-24-thread-1] DEBUG c.p.s.SimulacionTiempoRealService - Finalizado obtenerPosicionesSimplificadas en 154ms
11:33:57.317 [pool-25-thread-1] DEBUG c.p.s.SimulacionTiempoRealService - Iniciando obtenerPosicionesSimplificadas: 2025-04-29T11:33:57.317007300
11:33:57.335 [pool-25-thread-1] DEBUG c.p.s.SimulacionTiempoRealService - Camiones procesados: 3 en ruta, 5 disponibles, 0 sin combustible, 0 otros, 8 total en 18ms
11:33:57.339 [pool-25-thread-1] DEBUG c.p.s.SimulacionTiempoRealService - Almacenes procesados: 3 en 4ms
11:33:57.368 [pool-25-thread-1] DEBUG c.p.s.SimulacionTiempoRealService - Pedidos procesados: 13 en 29ms
11:33:57.446 [pool-25-thread-1] DEBUG c.p.s.SimulacionTiempoRealService - Rutas procesadas: 3 en 78ms
11:33:57.446 [pool-25-thread-1] DEBUG c.p.s.SimulacionTiempoRealService - Finalizado obtenerPosicionesSimplificadas en 129ms
11:33:58.363 [pool-26-thread-1] DEBUG c.p.s.SimulacionTiempoRealService - Iniciando obtenerPosicionesSimplificadas: 2025-04-29T11:33:58.363914
11:33:58.383 [pool-26-thread-1] DEBUG c.p.s.SimulacionTiempoRealService - Camiones procesados: 3 en ruta, 5 disponibles, 0 sin combustible, 0 otros, 8 total en 20ms
11:33:58.387 [pool-26-thread-1] DEBUG c.p.s.SimulacionTiempoRealService - Almacenes procesados: 3 en 3ms
11:33:58.412 [pool-26-thread-1] DEBUG c.p.s.SimulacionTiempoRealService - Pedidos procesados: 13 en 25ms
11:33:58.506 [pool-26-thread-1] DEBUG c.p.s.SimulacionTiempoRealService - Rutas procesadas: 3 en 94ms
11:33:58.506 [pool-26-thread-1] DEBUG c.p.s.SimulacionTiempoRealService - Finalizado obtenerPosicionesSimplificadas en 143ms
11:33:59.374 [pool-27-thread-1] DEBUG c.p.s.SimulacionTiempoRealService - Iniciando obtenerPosicionesSimplificadas: 2025-04-29T11:33:59.373875100
11:33:59.402 [pool-27-thread-1] DEBUG c.p.s.SimulacionTiempoRealService - Camiones procesados: 3 en ruta, 5 disponibles, 0 sin combustible, 0 otros, 8 total en 28ms
11:33:59.407 [pool-27-thread-1] DEBUG c.p.s.SimulacionTiempoRealService - Almacenes procesados: 3 en 4ms
11:33:59.438 [pool-27-thread-1] DEBUG c.p.s.SimulacionTiempoRealService - Pedidos procesados: 13 en 31ms
11:33:59.535 [pool-27-thread-1] DEBUG c.p.s.SimulacionTiempoRealService - Rutas procesadas: 3 en 97ms
11:33:59.535 [pool-27-thread-1] DEBUG c.p.s.SimulacionTiempoRealService - Finalizado obtenerPosicionesSimplificadas en 162ms
11:34:00.305 [pool-28-thread-1] DEBUG c.p.s.SimulacionTiempoRealService - Iniciando obtenerPosicionesSimplificadas: 2025-04-29T11:34:00.305088800
11:34:00.324 [pool-28-thread-1] DEBUG c.p.s.SimulacionTiempoRealService - Camiones procesados: 3 en ruta, 5 disponibles, 0 sin combustible, 0 otros, 8 total en 18ms
11:34:00.327 [pool-28-thread-1] DEBUG c.p.s.SimulacionTiempoRealService - Almacenes procesados: 3 en 3ms
11:34:00.354 [pool-28-thread-1] DEBUG c.p.s.SimulacionTiempoRealService - Pedidos procesados: 13 en 27ms
11:34:00.533 [pool-28-thread-1] DEBUG c.p.s.SimulacionTiempoRealService - Rutas procesadas: 3 en 179ms
11:34:00.534 [pool-28-thread-1] DEBUG c.p.s.SimulacionTiempoRealService - Finalizado obtenerPosicionesSimplificadas en 229ms
11:34:01.321 [pool-29-thread-1] DEBUG c.p.s.SimulacionTiempoRealService - Iniciando obtenerPosicionesSimplificadas: 2025-04-29T11:34:01.321431500
11:34:01.344 [pool-29-thread-1] DEBUG c.p.s.SimulacionTiempoRealService - Camiones procesados: 3 en ruta, 5 disponibles, 0 sin combustible, 0 otros, 8 total en 23ms
11:34:01.348 [pool-29-thread-1] DEBUG c.p.s.SimulacionTiempoRealService - Almacenes procesados: 3 en 4ms
11:34:01.383 [pool-29-thread-1] DEBUG c.p.s.SimulacionTiempoRealService - Pedidos procesados: 13 en 35ms
11:34:01.476 [pool-29-thread-1] DEBUG c.p.s.SimulacionTiempoRealService - Rutas procesadas: 3 en 93ms
11:34:01.476 [pool-29-thread-1] DEBUG c.p.s.SimulacionTiempoRealService - Finalizado obtenerPosicionesSimplificadas en 155ms
11:34:02.307 [pool-30-thread-1] DEBUG c.p.s.SimulacionTiempoRealService - Iniciando obtenerPosicionesSimplificadas: 2025-04-29T11:34:02.307321200
11:34:02.324 [pool-30-thread-1] DEBUG c.p.s.SimulacionTiempoRealService - Camiones procesados: 3 en ruta, 5 disponibles, 0 sin combustible, 0 otros, 8 total en 17ms
11:34:02.326 [pool-30-thread-1] DEBUG c.p.s.SimulacionTiempoRealService - Almacenes procesados: 3 en 2ms
11:34:02.349 [pool-30-thread-1] DEBUG c.p.s.SimulacionTiempoRealService - Pedidos procesados: 13 en 23ms
11:34:02.425 [pool-30-thread-1] DEBUG c.p.s.SimulacionTiempoRealService - Rutas procesadas: 3 en 76ms
11:34:02.425 [pool-30-thread-1] DEBUG c.p.s.SimulacionTiempoRealService - Finalizado obtenerPosicionesSimplificadas en 118ms
11:34:03.312 [pool-31-thread-1] DEBUG c.p.s.SimulacionTiempoRealService - Iniciando obtenerPosicionesSimplificadas: 2025-04-29T11:34:03.312351100
11:34:03.330 [pool-31-thread-1] DEBUG c.p.s.SimulacionTiempoRealService - Camiones procesados: 3 en ruta, 5 disponibles, 0 sin combustible, 0 otros, 8 total en 18ms
11:34:03.334 [pool-31-thread-1] DEBUG c.p.s.SimulacionTiempoRealService - Almacenes procesados: 3 en 4ms
11:34:03.354 [pool-31-thread-1] DEBUG c.p.s.SimulacionTiempoRealService - Pedidos procesados: 13 en 20ms
11:34:03.429 [pool-31-thread-1] DEBUG c.p.s.SimulacionTiempoRealService - Rutas procesadas: 3 en 74ms
11:34:03.429 [pool-31-thread-1] DEBUG c.p.s.SimulacionTiempoRealService - Finalizado obtenerPosicionesSimplificadas en 117ms
11:34:04.308 [pool-32-thread-1] DEBUG c.p.s.SimulacionTiempoRealService - Iniciando obtenerPosicionesSimplificadas: 2025-04-29T11:34:04.308799900
11:34:04.332 [pool-32-thread-1] DEBUG c.p.s.SimulacionTiempoRealService - Camiones procesados: 3 en ruta, 5 disponibles, 0 sin combustible, 0 otros, 8 total en 24ms
11:34:04.336 [pool-32-thread-1] DEBUG c.p.s.SimulacionTiempoRealService - Almacenes procesados: 3 en 4ms
11:34:04.357 [pool-32-thread-1] DEBUG c.p.s.SimulacionTiempoRealService - Pedidos procesados: 13 en 21ms
11:34:04.440 [pool-32-thread-1] DEBUG c.p.s.SimulacionTiempoRealService - Rutas procesadas: 3 en 82ms
11:34:04.440 [pool-32-thread-1] DEBUG c.p.s.SimulacionTiempoRealService - Finalizado obtenerPosicionesSimplificadas en 132ms
11:34:05.297 [pool-33-thread-1] DEBUG c.p.s.SimulacionTiempoRealService - Iniciando obtenerPosicionesSimplificadas: 2025-04-29T11:34:05.297994100
11:34:05.315 [pool-33-thread-1] DEBUG c.p.s.SimulacionTiempoRealService - Camiones procesados: 3 en ruta, 5 disponibles, 0 sin combustible, 0 otros, 8 total en 18ms
11:34:05.319 [pool-33-thread-1] DEBUG c.p.s.SimulacionTiempoRealService - Almacenes procesados: 3 en 4ms
11:34:05.341 [pool-33-thread-1] DEBUG c.p.s.SimulacionTiempoRealService - Pedidos procesados: 13 en 22ms
11:34:05.413 [pool-33-thread-1] DEBUG c.p.s.SimulacionTiempoRealService - Rutas procesadas: 3 en 71ms
11:34:05.413 [pool-33-thread-1] DEBUG c.p.s.SimulacionTiempoRealService - Finalizado obtenerPosicionesSimplificadas en 116ms
11:34:06.300 [pool-34-thread-1] DEBUG c.p.s.SimulacionTiempoRealService - Iniciando obtenerPosicionesSimplificadas: 2025-04-29T11:34:06.300812200
11:34:06.322 [pool-34-thread-1] DEBUG c.p.s.SimulacionTiempoRealService - Camiones procesados: 3 en ruta, 5 disponibles, 0 sin combustible, 0 otros, 8 total en 21ms
11:34:06.326 [pool-34-thread-1] DEBUG c.p.s.SimulacionTiempoRealService - Almacenes procesados: 3 en 3ms
11:34:06.353 [pool-34-thread-1] DEBUG c.p.s.SimulacionTiempoRealService - Pedidos procesados: 13 en 26ms
11:34:06.441 [pool-34-thread-1] DEBUG c.p.s.SimulacionTiempoRealService - Rutas procesadas: 3 en 88ms
11:34:06.441 [pool-34-thread-1] DEBUG c.p.s.SimulacionTiempoRealService - Finalizado obtenerPosicionesSimplificadas en 141ms
11:34:07.303 [pool-35-thread-1] DEBUG c.p.s.SimulacionTiempoRealService - Iniciando obtenerPosicionesSimplificadas: 2025-04-29T11:34:07.303462600
11:34:07.320 [pool-35-thread-1] DEBUG c.p.s.SimulacionTiempoRealService - Camiones procesados: 3 en ruta, 5 disponibles, 0 sin combustible, 0 otros, 8 total en 17ms
11:34:07.323 [pool-35-thread-1] DEBUG c.p.s.SimulacionTiempoRealService - Almacenes procesados: 3 en 3ms
11:34:07.349 [pool-35-thread-1] DEBUG c.p.s.SimulacionTiempoRealService - Pedidos procesados: 13 en 26ms
11:34:07.439 [pool-35-thread-1] DEBUG c.p.s.SimulacionTiempoRealService - Rutas procesadas: 3 en 90ms
11:34:07.439 [pool-35-thread-1] DEBUG c.p.s.SimulacionTiempoRealService - Finalizado obtenerPosicionesSimplificadas en 136ms
11:34:08.343 [pool-36-thread-1] DEBUG c.p.s.SimulacionTiempoRealService - Iniciando obtenerPosicionesSimplificadas: 2025-04-29T11:34:08.343170
11:34:08.360 [pool-36-thread-1] DEBUG c.p.s.SimulacionTiempoRealService - Camiones procesados: 3 en ruta, 5 disponibles, 0 sin combustible, 0 otros, 8 total en 16ms
11:34:08.363 [pool-36-thread-1] DEBUG c.p.s.SimulacionTiempoRealService - Almacenes procesados: 3 en 3ms
11:34:08.388 [pool-36-thread-1] DEBUG c.p.s.SimulacionTiempoRealService - Pedidos procesados: 13 en 25ms
11:34:08.465 [pool-36-thread-1] DEBUG c.p.s.SimulacionTiempoRealService - Rutas procesadas: 3 en 77ms
11:34:08.466 [pool-36-thread-1] DEBUG c.p.s.SimulacionTiempoRealService - Finalizado obtenerPosicionesSimplificadas en 122ms
11:34:09.308 [pool-37-thread-1] DEBUG c.p.s.SimulacionTiempoRealService - Iniciando obtenerPosicionesSimplificadas: 2025-04-29T11:34:09.308822500
11:34:09.325 [pool-37-thread-1] DEBUG c.p.s.SimulacionTiempoRealService - Camiones procesados: 3 en ruta, 5 disponibles, 0 sin combustible, 0 otros, 8 total en 17ms
11:34:09.328 [pool-37-thread-1] DEBUG c.p.s.SimulacionTiempoRealService - Almacenes procesados: 3 en 3ms
11:34:09.378 [pool-37-thread-1] DEBUG c.p.s.SimulacionTiempoRealService - Pedidos procesados: 13 en 50ms
11:34:09.489 [pool-37-thread-1] DEBUG c.p.s.SimulacionTiempoRealService - Rutas procesadas: 3 en 111ms
11:34:09.490 [pool-37-thread-1] DEBUG c.p.s.SimulacionTiempoRealService - Finalizado obtenerPosicionesSimplificadas en 182ms
11:34:10.330 [pool-38-thread-1] DEBUG c.p.s.SimulacionTiempoRealService - Iniciando obtenerPosicionesSimplificadas: 2025-04-29T11:34:10.330265700
11:34:10.353 [pool-38-thread-1] DEBUG c.p.s.SimulacionTiempoRealService - Camiones procesados: 3 en ruta, 5 disponibles, 0 sin combustible, 0 otros, 8 total en 23ms
11:34:10.356 [pool-38-thread-1] DEBUG c.p.s.SimulacionTiempoRealService - Almacenes procesados: 3 en 3ms
11:34:10.384 [pool-38-thread-1] DEBUG c.p.s.SimulacionTiempoRealService - Pedidos procesados: 13 en 28ms
11:34:10.486 [pool-38-thread-1] DEBUG c.p.s.SimulacionTiempoRealService - Rutas procesadas: 3 en 102ms
11:34:10.487 [pool-38-thread-1] DEBUG c.p.s.SimulacionTiempoRealService - Finalizado obtenerPosicionesSimplificadas en 156ms
11:34:11.313 [pool-39-thread-1] DEBUG c.p.s.SimulacionTiempoRealService - Iniciando obtenerPosicionesSimplificadas: 2025-04-29T11:34:11.313007100
11:34:11.341 [pool-39-thread-1] DEBUG c.p.s.SimulacionTiempoRealService - Camiones procesados: 3 en ruta, 5 disponibles, 0 sin combustible, 0 otros, 8 total en 27ms
11:34:11.344 [pool-39-thread-1] DEBUG c.p.s.SimulacionTiempoRealService - Almacenes procesados: 3 en 2ms
11:34:11.397 [pool-39-thread-1] DEBUG c.p.s.SimulacionTiempoRealService - Pedidos procesados: 13 en 52ms
11:34:11.524 [pool-39-thread-1] DEBUG c.p.s.SimulacionTiempoRealService - Rutas procesadas: 3 en 127ms
11:34:11.524 [pool-39-thread-1] DEBUG c.p.s.SimulacionTiempoRealService - Finalizado obtenerPosicionesSimplificadas en 211ms
11:34:12.308 [pool-40-thread-1] DEBUG c.p.s.SimulacionTiempoRealService - Iniciando obtenerPosicionesSimplificadas: 2025-04-29T11:34:12.308254200
11:34:12.340 [pool-40-thread-1] DEBUG c.p.s.SimulacionTiempoRealService - Camiones procesados: 3 en ruta, 5 disponibles, 0 sin combustible, 0 otros, 8 total en 32ms
11:34:12.344 [pool-40-thread-1] DEBUG c.p.s.SimulacionTiempoRealService - Almacenes procesados: 3 en 4ms
11:34:12.375 [pool-40-thread-1] DEBUG c.p.s.SimulacionTiempoRealService - Pedidos procesados: 13 en 30ms
11:34:12.480 [pool-40-thread-1] DEBUG c.p.s.SimulacionTiempoRealService - Rutas procesadas: 3 en 105ms
11:34:12.480 [pool-40-thread-1] DEBUG c.p.s.SimulacionTiempoRealService - Finalizado obtenerPosicionesSimplificadas en 172ms
11:34:13.336 [pool-41-thread-1] DEBUG c.p.s.SimulacionTiempoRealService - Iniciando obtenerPosicionesSimplificadas: 2025-04-29T11:34:13.336547400
11:34:13.350 [pool-41-thread-1] DEBUG c.p.s.SimulacionTiempoRealService - Camiones procesados: 3 en ruta, 5 disponibles, 0 sin combustible, 0 otros, 8 total en 13ms
11:34:13.352 [pool-41-thread-1] DEBUG c.p.s.SimulacionTiempoRealService - Almacenes procesados: 3 en 2ms
11:34:13.376 [pool-41-thread-1] DEBUG c.p.s.SimulacionTiempoRealService - Pedidos procesados: 13 en 23ms
11:34:13.456 [pool-41-thread-1] DEBUG c.p.s.SimulacionTiempoRealService - Rutas procesadas: 3 en 80ms
11:34:13.456 [pool-41-thread-1] DEBUG c.p.s.SimulacionTiempoRealService - Finalizado obtenerPosicionesSimplificadas en 120ms
11:34:14.313 [pool-42-thread-1] DEBUG c.p.s.SimulacionTiempoRealService - Iniciando obtenerPosicionesSimplificadas: 2025-04-29T11:34:14.313550100
11:34:14.338 [pool-42-thread-1] DEBUG c.p.s.SimulacionTiempoRealService - Camiones procesados: 3 en ruta, 5 disponibles, 0 sin combustible, 0 otros, 8 total en 25ms
11:34:14.340 [pool-42-thread-1] DEBUG c.p.s.SimulacionTiempoRealService - Almacenes procesados: 3 en 2ms
11:34:14.371 [pool-42-thread-1] DEBUG c.p.s.SimulacionTiempoRealService - Pedidos procesados: 13 en 30ms
11:34:14.465 [pool-42-thread-1] DEBUG c.p.s.SimulacionTiempoRealService - Rutas procesadas: 3 en 94ms
11:34:14.465 [pool-42-thread-1] DEBUG c.p.s.SimulacionTiempoRealService - Finalizado obtenerPosicionesSimplificadas en 152ms
11:34:15.304 [pool-43-thread-1] DEBUG c.p.s.SimulacionTiempoRealService - Iniciando obtenerPosicionesSimplificadas: 2025-04-29T11:34:15.304608700
11:34:15.318 [pool-43-thread-1] DEBUG c.p.s.SimulacionTiempoRealService - Camiones procesados: 3 en ruta, 5 disponibles, 0 sin combustible, 0 otros, 8 total en 14ms
11:34:15.321 [pool-43-thread-1] DEBUG c.p.s.SimulacionTiempoRealService - Almacenes procesados: 3 en 2ms
11:34:15.341 [pool-43-thread-1] DEBUG c.p.s.SimulacionTiempoRealService - Pedidos procesados: 13 en 20ms
11:34:15.418 [pool-43-thread-1] DEBUG c.p.s.SimulacionTiempoRealService - Rutas procesadas: 3 en 77ms
11:34:15.418 [pool-43-thread-1] DEBUG c.p.s.SimulacionTiempoRealService - Finalizado obtenerPosicionesSimplificadas en 114ms
11:34:16.312 [pool-44-thread-1] DEBUG c.p.s.SimulacionTiempoRealService - Iniciando obtenerPosicionesSimplificadas: 2025-04-29T11:34:16.312715900
11:34:16.329 [pool-44-thread-1] DEBUG c.p.s.SimulacionTiempoRealService - Camiones procesados: 3 en ruta, 5 disponibles, 0 sin combustible, 0 otros, 8 total en 17ms
11:34:16.333 [pool-44-thread-1] DEBUG c.p.s.SimulacionTiempoRealService - Almacenes procesados: 3 en 4ms
11:34:16.355 [pool-44-thread-1] DEBUG c.p.s.SimulacionTiempoRealService - Pedidos procesados: 13 en 22ms
11:34:16.434 [pool-44-thread-1] DEBUG c.p.s.SimulacionTiempoRealService - Rutas procesadas: 3 en 79ms
11:34:16.435 [pool-44-thread-1] DEBUG c.p.s.SimulacionTiempoRealService - Finalizado obtenerPosicionesSimplificadas en 123ms
11:34:17.307 [pool-45-thread-1] DEBUG c.p.s.SimulacionTiempoRealService - Iniciando obtenerPosicionesSimplificadas: 2025-04-29T11:34:17.307558400
11:34:17.327 [pool-45-thread-1] DEBUG c.p.s.SimulacionTiempoRealService - Camiones procesados: 3 en ruta, 5 disponibles, 0 sin combustible, 0 otros, 8 total en 20ms
11:34:17.330 [pool-45-thread-1] DEBUG c.p.s.SimulacionTiempoRealService - Almacenes procesados: 3 en 3ms
11:34:17.360 [pool-45-thread-1] DEBUG c.p.s.SimulacionTiempoRealService - Pedidos procesados: 13 en 30ms
11:34:17.451 [pool-45-thread-1] DEBUG c.p.s.SimulacionTiempoRealService - Rutas procesadas: 3 en 91ms
11:34:17.451 [pool-45-thread-1] DEBUG c.p.s.SimulacionTiempoRealService - Finalizado obtenerPosicionesSimplificadas en 144ms
11:34:18.322 [pool-46-thread-1] DEBUG c.p.s.SimulacionTiempoRealService - Iniciando obtenerPosicionesSimplificadas: 2025-04-29T11:34:18.322725700
11:34:18.343 [pool-46-thread-1] DEBUG c.p.s.SimulacionTiempoRealService - Camiones procesados: 3 en ruta, 5 disponibles, 0 sin combustible, 0 otros, 8 total en 21ms
11:34:18.345 [pool-46-thread-1] DEBUG c.p.s.SimulacionTiempoRealService - Almacenes procesados: 3 en 2ms
11:34:18.365 [pool-46-thread-1] DEBUG c.p.s.SimulacionTiempoRealService - Pedidos procesados: 13 en 19ms
11:34:18.440 [pool-46-thread-1] DEBUG c.p.s.SimulacionTiempoRealService - Rutas procesadas: 3 en 75ms
11:34:18.440 [pool-46-thread-1] DEBUG c.p.s.SimulacionTiempoRealService - Finalizado obtenerPosicionesSimplificadas en 118ms
11:34:19.310 [pool-47-thread-1] DEBUG c.p.s.SimulacionTiempoRealService - Iniciando obtenerPosicionesSimplificadas: 2025-04-29T11:34:19.310203600
11:34:19.326 [pool-47-thread-1] DEBUG c.p.s.SimulacionTiempoRealService - Camiones procesados: 3 en ruta, 5 disponibles, 0 sin combustible, 0 otros, 8 total en 16ms
11:34:19.329 [pool-47-thread-1] DEBUG c.p.s.SimulacionTiempoRealService - Almacenes procesados: 3 en 2ms
11:34:19.354 [pool-47-thread-1] DEBUG c.p.s.SimulacionTiempoRealService - Pedidos procesados: 13 en 25ms
11:34:19.442 [pool-47-thread-1] DEBUG c.p.s.SimulacionTiempoRealService - Rutas procesadas: 3 en 88ms
11:34:19.442 [pool-47-thread-1] DEBUG c.p.s.SimulacionTiempoRealService - Finalizado obtenerPosicionesSimplificadas en 132ms
11:34:20.321 [pool-48-thread-1] DEBUG c.p.s.SimulacionTiempoRealService - Iniciando obtenerPosicionesSimplificadas: 2025-04-29T11:34:20.321203400
11:34:20.343 [pool-48-thread-1] DEBUG c.p.s.SimulacionTiempoRealService - Camiones procesados: 3 en ruta, 5 disponibles, 0 sin combustible, 0 otros, 8 total en 20ms
11:34:20.346 [pool-48-thread-1] DEBUG c.p.s.SimulacionTiempoRealService - Almacenes procesados: 3 en 3ms
11:34:20.374 [pool-48-thread-1] DEBUG c.p.s.SimulacionTiempoRealService - Pedidos procesados: 13 en 28ms
11:34:20.467 [pool-48-thread-1] DEBUG c.p.s.SimulacionTiempoRealService - Rutas procesadas: 3 en 93ms
11:34:20.468 [pool-48-thread-1] DEBUG c.p.s.SimulacionTiempoRealService - Finalizado obtenerPosicionesSimplificadas en 147ms
11:34:21.308 [pool-49-thread-1] DEBUG c.p.s.SimulacionTiempoRealService - Iniciando obtenerPosicionesSimplificadas: 2025-04-29T11:34:21.308912
11:34:21.327 [pool-49-thread-1] DEBUG c.p.s.SimulacionTiempoRealService - Camiones procesados: 3 en ruta, 5 disponibles, 0 sin combustible, 0 otros, 8 total en 19ms
11:34:21.329 [pool-49-thread-1] DEBUG c.p.s.SimulacionTiempoRealService - Almacenes procesados: 3 en 2ms
11:34:21.354 [pool-49-thread-1] DEBUG c.p.s.SimulacionTiempoRealService - Pedidos procesados: 13 en 25ms
11:34:21.448 [pool-49-thread-1] DEBUG c.p.s.SimulacionTiempoRealService - Rutas procesadas: 3 en 94ms
11:34:21.449 [pool-49-thread-1] DEBUG c.p.s.SimulacionTiempoRealService - Finalizado obtenerPosicionesSimplificadas en 141ms
11:34:22.310 [pool-50-thread-1] DEBUG c.p.s.SimulacionTiempoRealService - Iniciando obtenerPosicionesSimplificadas: 2025-04-29T11:34:22.310565500
11:34:22.327 [pool-50-thread-1] DEBUG c.p.s.SimulacionTiempoRealService - Camiones procesados: 3 en ruta, 5 disponibles, 0 sin combustible, 0 otros, 8 total en 16ms
11:34:22.330 [pool-50-thread-1] DEBUG c.p.s.SimulacionTiempoRealService - Almacenes procesados: 3 en 3ms
11:34:22.351 [pool-50-thread-1] DEBUG c.p.s.SimulacionTiempoRealService - Pedidos procesados: 13 en 21ms
11:34:22.439 [pool-50-thread-1] DEBUG c.p.s.SimulacionTiempoRealService - Rutas procesadas: 3 en 88ms
11:34:22.439 [pool-50-thread-1] DEBUG c.p.s.SimulacionTiempoRealService - Finalizado obtenerPosicionesSimplificadas en 129ms
11:34:23.380 [pool-51-thread-1] DEBUG c.p.s.SimulacionTiempoRealService - Iniciando obtenerPosicionesSimplificadas: 2025-04-29T11:34:23.380561600
11:34:23.403 [pool-51-thread-1] DEBUG c.p.s.SimulacionTiempoRealService - Camiones procesados: 3 en ruta, 5 disponibles, 0 sin combustible, 0 otros, 8 total en 22ms
11:34:23.406 [pool-51-thread-1] DEBUG c.p.s.SimulacionTiempoRealService - Almacenes procesados: 3 en 3ms
11:34:23.438 [pool-51-thread-1] DEBUG c.p.s.SimulacionTiempoRealService - Pedidos procesados: 13 en 32ms
11:34:23.528 [pool-51-thread-1] DEBUG c.p.s.SimulacionTiempoRealService - Rutas procesadas: 3 en 89ms
11:34:23.528 [pool-51-thread-1] DEBUG c.p.s.SimulacionTiempoRealService - Finalizado obtenerPosicionesSimplificadas en 148ms
11:34:24.322 [pool-52-thread-1] DEBUG c.p.s.SimulacionTiempoRealService - Iniciando obtenerPosicionesSimplificadas: 2025-04-29T11:34:24.322785600
11:34:24.341 [pool-52-thread-1] DEBUG c.p.s.SimulacionTiempoRealService - Camiones procesados: 3 en ruta, 5 disponibles, 0 sin combustible, 0 otros, 8 total en 19ms
11:34:24.343 [pool-52-thread-1] DEBUG c.p.s.SimulacionTiempoRealService - Almacenes procesados: 3 en 2ms
11:34:24.376 [pool-52-thread-1] DEBUG c.p.s.SimulacionTiempoRealService - Pedidos procesados: 13 en 33ms
11:34:24.455 [pool-52-thread-1] DEBUG c.p.s.SimulacionTiempoRealService - Rutas procesadas: 3 en 79ms
11:34:24.455 [pool-52-thread-1] DEBUG c.p.s.SimulacionTiempoRealService - Finalizado obtenerPosicionesSimplificadas en 133ms
11:34:25.383 [pool-53-thread-1] DEBUG c.p.s.SimulacionTiempoRealService - Iniciando obtenerPosicionesSimplificadas: 2025-04-29T11:34:25.383304900
11:34:25.413 [pool-53-thread-1] DEBUG c.p.s.SimulacionTiempoRealService - Camiones procesados: 3 en ruta, 5 disponibles, 0 sin combustible, 0 otros, 8 total en 30ms
11:34:25.415 [pool-53-thread-1] DEBUG c.p.s.SimulacionTiempoRealService - Almacenes procesados: 3 en 2ms
11:34:25.437 [pool-53-thread-1] DEBUG c.p.s.SimulacionTiempoRealService - Pedidos procesados: 13 en 22ms
11:34:25.508 [pool-53-thread-1] DEBUG c.p.s.SimulacionTiempoRealService - Rutas procesadas: 3 en 70ms
11:34:25.509 [pool-53-thread-1] DEBUG c.p.s.SimulacionTiempoRealService - Finalizado obtenerPosicionesSimplificadas en 126ms
11:34:26.308 [pool-54-thread-1] DEBUG c.p.s.SimulacionTiempoRealService - Iniciando obtenerPosicionesSimplificadas: 2025-04-29T11:34:26.308280300
11:34:26.329 [pool-54-thread-1] DEBUG c.p.s.SimulacionTiempoRealService - Camiones procesados: 3 en ruta, 5 disponibles, 0 sin combustible, 0 otros, 8 total en 20ms
11:34:26.334 [pool-54-thread-1] DEBUG c.p.s.SimulacionTiempoRealService - Almacenes procesados: 3 en 4ms
11:34:26.371 [pool-54-thread-1] DEBUG c.p.s.SimulacionTiempoRealService - Pedidos procesados: 13 en 37ms
11:34:26.489 [pool-54-thread-1] DEBUG c.p.s.SimulacionTiempoRealService - Rutas procesadas: 3 en 118ms
11:34:26.489 [pool-54-thread-1] DEBUG c.p.s.SimulacionTiempoRealService - Finalizado obtenerPosicionesSimplificadas en 181ms
11:34:27.298 [pool-55-thread-1] DEBUG c.p.s.SimulacionTiempoRealService - Iniciando obtenerPosicionesSimplificadas: 2025-04-29T11:34:27.298629200
11:34:27.325 [pool-55-thread-1] DEBUG c.p.s.SimulacionTiempoRealService - Camiones procesados: 3 en ruta, 5 disponibles, 0 sin combustible, 0 otros, 8 total en 27ms
11:34:27.328 [pool-55-thread-1] DEBUG c.p.s.SimulacionTiempoRealService - Almacenes procesados: 3 en 2ms
11:34:27.357 [pool-55-thread-1] DEBUG c.p.s.SimulacionTiempoRealService - Pedidos procesados: 13 en 27ms
11:34:27.446 [pool-55-thread-1] DEBUG c.p.s.SimulacionTiempoRealService - Rutas procesadas: 3 en 89ms
11:34:27.446 [pool-55-thread-1] DEBUG c.p.s.SimulacionTiempoRealService - Finalizado obtenerPosicionesSimplificadas en 148ms
11:34:28.305 [pool-56-thread-1] DEBUG c.p.s.SimulacionTiempoRealService - Iniciando obtenerPosicionesSimplificadas: 2025-04-29T11:34:28.305296300
11:34:28.336 [pool-56-thread-1] DEBUG c.p.s.SimulacionTiempoRealService - Camiones procesados: 3 en ruta, 5 disponibles, 0 sin combustible, 0 otros, 8 total en 31ms
11:34:28.341 [pool-56-thread-1] DEBUG c.p.s.SimulacionTiempoRealService - Almacenes procesados: 3 en 4ms
11:34:28.377 [pool-56-thread-1] DEBUG c.p.s.SimulacionTiempoRealService - Pedidos procesados: 13 en 35ms
11:34:28.460 [pool-56-thread-1] DEBUG c.p.s.SimulacionTiempoRealService - Rutas procesadas: 3 en 82ms
11:34:28.460 [pool-56-thread-1] DEBUG c.p.s.SimulacionTiempoRealService - Finalizado obtenerPosicionesSimplificadas en 155ms
11:34:29.312 [pool-57-thread-1] DEBUG c.p.s.SimulacionTiempoRealService - Iniciando obtenerPosicionesSimplificadas: 2025-04-29T11:34:29.312914500
11:34:29.327 [pool-57-thread-1] DEBUG c.p.s.SimulacionTiempoRealService - Camiones procesados: 3 en ruta, 5 disponibles, 0 sin combustible, 0 otros, 8 total en 15ms
11:34:29.329 [pool-57-thread-1] DEBUG c.p.s.SimulacionTiempoRealService - Almacenes procesados: 3 en 2ms
11:34:29.354 [pool-57-thread-1] DEBUG c.p.s.SimulacionTiempoRealService - Pedidos procesados: 13 en 25ms
11:34:29.436 [pool-57-thread-1] DEBUG c.p.s.SimulacionTiempoRealService - Rutas procesadas: 3 en 82ms
11:34:29.436 [pool-57-thread-1] DEBUG c.p.s.SimulacionTiempoRealService - Finalizado obtenerPosicionesSimplificadas en 124ms
11:34:30.305 [pool-58-thread-1] DEBUG c.p.s.SimulacionTiempoRealService - Iniciando obtenerPosicionesSimplificadas: 2025-04-29T11:34:30.305229100
11:34:30.322 [pool-58-thread-1] DEBUG c.p.s.SimulacionTiempoRealService - Camiones procesados: 3 en ruta, 5 disponibles, 0 sin combustible, 0 otros, 8 total en 17ms
11:34:30.325 [pool-58-thread-1] DEBUG c.p.s.SimulacionTiempoRealService - Almacenes procesados: 3 en 2ms
11:34:30.345 [pool-58-thread-1] DEBUG c.p.s.SimulacionTiempoRealService - Pedidos procesados: 13 en 20ms
11:34:30.419 [pool-58-thread-1] DEBUG c.p.s.SimulacionTiempoRealService - Rutas procesadas: 3 en 73ms
11:34:30.419 [pool-58-thread-1] DEBUG c.p.s.SimulacionTiempoRealService - Finalizado obtenerPosicionesSimplificadas en 114ms
11:34:31.304 [pool-59-thread-1] DEBUG c.p.s.SimulacionTiempoRealService - Iniciando obtenerPosicionesSimplificadas: 2025-04-29T11:34:31.304197100
11:34:31.325 [pool-59-thread-1] DEBUG c.p.s.SimulacionTiempoRealService - Camiones procesados: 3 en ruta, 5 disponibles, 0 sin combustible, 0 otros, 8 total en 20ms
11:34:31.329 [pool-59-thread-1] DEBUG c.p.s.SimulacionTiempoRealService - Almacenes procesados: 3 en 3ms
11:34:31.360 [pool-59-thread-1] DEBUG c.p.s.SimulacionTiempoRealService - Pedidos procesados: 13 en 31ms
11:34:31.453 [pool-59-thread-1] DEBUG c.p.s.SimulacionTiempoRealService - Rutas procesadas: 3 en 92ms
11:34:31.453 [pool-59-thread-1] DEBUG c.p.s.SimulacionTiempoRealService - Finalizado obtenerPosicionesSimplificadas en 149ms
11:34:32.314 [pool-60-thread-1] DEBUG c.p.s.SimulacionTiempoRealService - Iniciando obtenerPosicionesSimplificadas: 2025-04-29T11:34:32.314315400
11:34:32.330 [pool-60-thread-1] DEBUG c.p.s.SimulacionTiempoRealService - Camiones procesados: 3 en ruta, 5 disponibles, 0 sin combustible, 0 otros, 8 total en 15ms
11:34:32.334 [pool-60-thread-1] DEBUG c.p.s.SimulacionTiempoRealService - Almacenes procesados: 3 en 3ms
11:34:32.357 [pool-60-thread-1] DEBUG c.p.s.SimulacionTiempoRealService - Pedidos procesados: 13 en 23ms
11:34:32.444 [pool-60-thread-1] DEBUG c.p.s.SimulacionTiempoRealService - Rutas procesadas: 3 en 87ms
11:34:32.444 [pool-60-thread-1] DEBUG c.p.s.SimulacionTiempoRealService - Finalizado obtenerPosicionesSimplificadas en 130ms
11:34:33.317 [pool-61-thread-1] DEBUG c.p.s.SimulacionTiempoRealService - Iniciando obtenerPosicionesSimplificadas: 2025-04-29T11:34:33.317383700
11:34:33.341 [pool-61-thread-1] DEBUG c.p.s.SimulacionTiempoRealService - Camiones procesados: 3 en ruta, 5 disponibles, 0 sin combustible, 0 otros, 8 total en 24ms
11:34:33.343 [pool-61-thread-1] DEBUG c.p.s.SimulacionTiempoRealService - Almacenes procesados: 3 en 2ms
11:34:33.372 [pool-61-thread-1] DEBUG c.p.s.SimulacionTiempoRealService - Pedidos procesados: 13 en 28ms
11:34:33.449 [pool-61-thread-1] DEBUG c.p.s.SimulacionTiempoRealService - Rutas procesadas: 3 en 75ms
11:34:33.449 [pool-61-thread-1] DEBUG c.p.s.SimulacionTiempoRealService - Finalizado obtenerPosicionesSimplificadas en 132ms
11:34:34.294 [pool-62-thread-1] DEBUG c.p.s.SimulacionTiempoRealService - Iniciando obtenerPosicionesSimplificadas: 2025-04-29T11:34:34.294699500
11:34:34.311 [pool-62-thread-1] DEBUG c.p.s.SimulacionTiempoRealService - Camiones procesados: 3 en ruta, 5 disponibles, 0 sin combustible, 0 otros, 8 total en 17ms
11:34:34.313 [pool-62-thread-1] DEBUG c.p.s.SimulacionTiempoRealService - Almacenes procesados: 3 en 2ms
11:34:34.335 [pool-62-thread-1] DEBUG c.p.s.SimulacionTiempoRealService - Pedidos procesados: 13 en 22ms
11:34:34.412 [pool-62-thread-1] DEBUG c.p.s.SimulacionTiempoRealService - Rutas procesadas: 3 en 77ms
11:34:34.412 [pool-62-thread-1] DEBUG c.p.s.SimulacionTiempoRealService - Finalizado obtenerPosicionesSimplificadas en 118ms
11:34:35.307 [pool-63-thread-1] DEBUG c.p.s.SimulacionTiempoRealService - Iniciando obtenerPosicionesSimplificadas: 2025-04-29T11:34:35.307453600
11:34:35.325 [pool-63-thread-1] DEBUG c.p.s.SimulacionTiempoRealService - Camiones procesados: 3 en ruta, 5 disponibles, 0 sin combustible, 0 otros, 8 total en 18ms
11:34:35.328 [pool-63-thread-1] DEBUG c.p.s.SimulacionTiempoRealService - Almacenes procesados: 3 en 3ms
11:34:35.352 [pool-63-thread-1] DEBUG c.p.s.SimulacionTiempoRealService - Pedidos procesados: 13 en 24ms
11:34:35.440 [pool-63-thread-1] DEBUG c.p.s.SimulacionTiempoRealService - Rutas procesadas: 3 en 88ms
11:34:35.440 [pool-63-thread-1] DEBUG c.p.s.SimulacionTiempoRealService - Finalizado obtenerPosicionesSimplificadas en 133ms
11:34:36.429 [pool-64-thread-1] DEBUG c.p.s.SimulacionTiempoRealService - Iniciando obtenerPosicionesSimplificadas: 2025-04-29T11:34:36.429043800
11:34:36.449 [pool-64-thread-1] DEBUG c.p.s.SimulacionTiempoRealService - Camiones procesados: 3 en ruta, 5 disponibles, 0 sin combustible, 0 otros, 8 total en 20ms
11:34:36.453 [pool-64-thread-1] DEBUG c.p.s.SimulacionTiempoRealService - Almacenes procesados: 3 en 4ms
11:34:36.494 [pool-64-thread-1] DEBUG c.p.s.SimulacionTiempoRealService - Pedidos procesados: 13 en 40ms
11:34:36.582 [pool-64-thread-1] DEBUG c.p.s.SimulacionTiempoRealService - Rutas procesadas: 3 en 88ms
11:34:36.582 [pool-64-thread-1] DEBUG c.p.s.SimulacionTiempoRealService - Finalizado obtenerPosicionesSimplificadas en 153ms
11:34:37.328 [pool-65-thread-1] DEBUG c.p.s.SimulacionTiempoRealService - Iniciando obtenerPosicionesSimplificadas: 2025-04-29T11:34:37.328340
11:34:37.346 [pool-65-thread-1] DEBUG c.p.s.SimulacionTiempoRealService - Camiones procesados: 3 en ruta, 5 disponibles, 0 sin combustible, 0 otros, 8 total en 18ms
11:34:37.349 [pool-65-thread-1] DEBUG c.p.s.SimulacionTiempoRealService - Almacenes procesados: 3 en 3ms
11:34:37.385 [pool-65-thread-1] DEBUG c.p.s.SimulacionTiempoRealService - Pedidos procesados: 13 en 36ms
11:34:37.480 [pool-65-thread-1] DEBUG c.p.s.SimulacionTiempoRealService - Rutas procesadas: 3 en 95ms
11:34:37.480 [pool-65-thread-1] DEBUG c.p.s.SimulacionTiempoRealService - Finalizado obtenerPosicionesSimplificadas en 152ms
11:34:38.312 [pool-66-thread-1] DEBUG c.p.s.SimulacionTiempoRealService - Iniciando obtenerPosicionesSimplificadas: 2025-04-29T11:34:38.312504900
11:34:38.330 [pool-66-thread-1] DEBUG c.p.s.SimulacionTiempoRealService - Camiones procesados: 3 en ruta, 5 disponibles, 0 sin combustible, 0 otros, 8 total en 18ms
11:34:38.335 [pool-66-thread-1] DEBUG c.p.s.SimulacionTiempoRealService - Almacenes procesados: 3 en 4ms
11:34:38.371 [pool-66-thread-1] DEBUG c.p.s.SimulacionTiempoRealService - Pedidos procesados: 13 en 36ms
11:34:38.455 [pool-66-thread-1] DEBUG c.p.s.SimulacionTiempoRealService - Rutas procesadas: 3 en 84ms
11:34:38.456 [pool-66-thread-1] DEBUG c.p.s.SimulacionTiempoRealService - Finalizado obtenerPosicionesSimplificadas en 144ms
11:34:39.319 [pool-67-thread-1] DEBUG c.p.s.SimulacionTiempoRealService - Iniciando obtenerPosicionesSimplificadas: 2025-04-29T11:34:39.319031100
11:34:39.340 [pool-67-thread-1] DEBUG c.p.s.SimulacionTiempoRealService - Camiones procesados: 3 en ruta, 5 disponibles, 0 sin combustible, 0 otros, 8 total en 20ms
11:34:39.343 [pool-67-thread-1] DEBUG c.p.s.SimulacionTiempoRealService - Almacenes procesados: 3 en 2ms
11:34:39.366 [pool-67-thread-1] DEBUG c.p.s.SimulacionTiempoRealService - Pedidos procesados: 13 en 23ms
11:34:39.443 [pool-67-thread-1] DEBUG c.p.s.SimulacionTiempoRealService - Rutas procesadas: 3 en 76ms
11:34:39.443 [pool-67-thread-1] DEBUG c.p.s.SimulacionTiempoRealService - Finalizado obtenerPosicionesSimplificadas en 124ms
11:34:40.309 [pool-68-thread-1] DEBUG c.p.s.SimulacionTiempoRealService - Iniciando obtenerPosicionesSimplificadas: 2025-04-29T11:34:40.309566500
11:34:40.328 [pool-68-thread-1] DEBUG c.p.s.SimulacionTiempoRealService - Camiones procesados: 3 en ruta, 5 disponibles, 0 sin combustible, 0 otros, 8 total en 18ms
11:34:40.330 [pool-68-thread-1] DEBUG c.p.s.SimulacionTiempoRealService - Almacenes procesados: 3 en 2ms
11:34:40.355 [pool-68-thread-1] DEBUG c.p.s.SimulacionTiempoRealService - Pedidos procesados: 13 en 23ms
11:34:40.434 [pool-68-thread-1] DEBUG c.p.s.SimulacionTiempoRealService - Rutas procesadas: 3 en 78ms
11:34:40.434 [pool-68-thread-1] DEBUG c.p.s.SimulacionTiempoRealService - Finalizado obtenerPosicionesSimplificadas en 125ms
11:34:41.413 [pool-69-thread-1] DEBUG c.p.s.SimulacionTiempoRealService - Iniciando obtenerPosicionesSimplificadas: 2025-04-29T11:34:41.413566
11:34:41.454 [pool-69-thread-1] DEBUG c.p.s.SimulacionTiempoRealService - Camiones procesados: 3 en ruta, 5 disponibles, 0 sin combustible, 0 otros, 8 total en 41ms
11:34:41.459 [pool-69-thread-1] DEBUG c.p.s.SimulacionTiempoRealService - Almacenes procesados: 3 en 4ms
11:34:41.501 [pool-69-thread-1] DEBUG c.p.s.SimulacionTiempoRealService - Pedidos procesados: 13 en 42ms
11:34:41.624 [pool-69-thread-1] DEBUG c.p.s.SimulacionTiempoRealService - Rutas procesadas: 3 en 122ms
11:34:41.624 [pool-69-thread-1] DEBUG c.p.s.SimulacionTiempoRealService - Finalizado obtenerPosicionesSimplificadas en 211ms
11:34:42.313 [pool-70-thread-1] DEBUG c.p.s.SimulacionTiempoRealService - Iniciando obtenerPosicionesSimplificadas: 2025-04-29T11:34:42.313419
11:34:42.328 [pool-70-thread-1] DEBUG c.p.s.SimulacionTiempoRealService - Camiones procesados: 3 en ruta, 5 disponibles, 0 sin combustible, 0 otros, 8 total en 15ms
11:34:42.331 [pool-70-thread-1] DEBUG c.p.s.SimulacionTiempoRealService - Almacenes procesados: 3 en 2ms
11:34:42.354 [pool-70-thread-1] DEBUG c.p.s.SimulacionTiempoRealService - Pedidos procesados: 13 en 23ms
11:34:42.441 [pool-70-thread-1] DEBUG c.p.s.SimulacionTiempoRealService - Rutas procesadas: 3 en 87ms
11:34:42.441 [pool-70-thread-1] DEBUG c.p.s.SimulacionTiempoRealService - Finalizado obtenerPosicionesSimplificadas en 129ms
11:34:43.322 [pool-71-thread-1] DEBUG c.p.s.SimulacionTiempoRealService - Iniciando obtenerPosicionesSimplificadas: 2025-04-29T11:34:43.322069900
11:34:43.343 [pool-71-thread-1] DEBUG c.p.s.SimulacionTiempoRealService - Camiones procesados: 3 en ruta, 5 disponibles, 0 sin combustible, 0 otros, 8 total en 21ms
11:34:43.346 [pool-71-thread-1] DEBUG c.p.s.SimulacionTiempoRealService - Almacenes procesados: 3 en 3ms
11:34:43.376 [pool-71-thread-1] DEBUG c.p.s.SimulacionTiempoRealService - Pedidos procesados: 13 en 30ms
11:34:43.474 [pool-71-thread-1] DEBUG c.p.s.SimulacionTiempoRealService - Rutas procesadas: 3 en 97ms
11:34:43.474 [pool-71-thread-1] DEBUG c.p.s.SimulacionTiempoRealService - Finalizado obtenerPosicionesSimplificadas en 152ms
11:34:44.316 [pool-72-thread-1] DEBUG c.p.s.SimulacionTiempoRealService - Iniciando obtenerPosicionesSimplificadas: 2025-04-29T11:34:44.316928900
11:34:44.335 [pool-72-thread-1] DEBUG c.p.s.SimulacionTiempoRealService - Camiones procesados: 3 en ruta, 5 disponibles, 0 sin combustible, 0 otros, 8 total en 18ms
11:34:44.338 [pool-72-thread-1] DEBUG c.p.s.SimulacionTiempoRealService - Almacenes procesados: 3 en 3ms
11:34:44.358 [pool-72-thread-1] DEBUG c.p.s.SimulacionTiempoRealService - Pedidos procesados: 13 en 20ms
11:34:44.452 [pool-72-thread-1] DEBUG c.p.s.SimulacionTiempoRealService - Rutas procesadas: 3 en 94ms
11:34:44.453 [pool-72-thread-1] DEBUG c.p.s.SimulacionTiempoRealService - Finalizado obtenerPosicionesSimplificadas en 137ms
11:34:45.309 [pool-73-thread-1] DEBUG c.p.s.SimulacionTiempoRealService - Iniciando obtenerPosicionesSimplificadas: 2025-04-29T11:34:45.309112600
11:34:45.323 [pool-73-thread-1] DEBUG c.p.s.SimulacionTiempoRealService - Camiones procesados: 3 en ruta, 5 disponibles, 0 sin combustible, 0 otros, 8 total en 14ms
11:34:45.326 [pool-73-thread-1] DEBUG c.p.s.SimulacionTiempoRealService - Almacenes procesados: 3 en 3ms
11:34:45.386 [pool-73-thread-1] DEBUG c.p.s.SimulacionTiempoRealService - Pedidos procesados: 13 en 60ms
11:34:45.532 [pool-73-thread-1] DEBUG c.p.s.SimulacionTiempoRealService - Rutas procesadas: 3 en 145ms
11:34:45.532 [pool-73-thread-1] DEBUG c.p.s.SimulacionTiempoRealService - Finalizado obtenerPosicionesSimplificadas en 223ms
